L 10/19/2021 - 22:39:00: SMC parsing error on line 0
L 10/19/2021 - 22:39:00:   [0]  URL: http://godtony.mooo.com/updater/updater.txt
L 10/19/2021 - 22:39:00:   [1]  ERROR: Line contained too many invalid tokens
L 10/19/2021 - 22:39:00: Update available for "Steph's AntiCheat (StAC)" (stac.smx). Current: 5.1.0 - Latest: 5.1.1
L 10/19/2021 - 22:39:00:   [0]  Changes in 5.1.1
L 10/19/2021 - 22:39:00:   [1]  - misc fixes
L 10/19/2021 - 22:39:01: Successfully updated and installed "Steph's AntiCheat (StAC)".
L 10/19/2021 - 22:45:28: Update available for "Updater" (updater.smx). Current: 1.2.2 - Latest: 5.1.1
L 10/19/2021 - 22:45:28:   [0]  Changes in 5.1.1
L 10/19/2021 - 22:45:28:   [1]  - misc fixes
L 10/19/2021 - 22:45:28: Update available for "Steph's AntiCheat (StAC)" (stac.smx). Current: 5.1.0 - Latest: 5.1.1
L 10/19/2021 - 22:45:28:   [0]  Changes in 5.1.1
L 10/19/2021 - 22:45:28:   [1]  - misc fixes
L 10/19/2021 - 22:45:31: Successfully updated and installed "Updater".
L 10/19/2021 - 22:45:31: Reloading Updater plugin... updates will resume automatically.
L 10/19/2021 - 22:45:31: SMC parsing error on line 0
L 10/19/2021 - 22:45:31:   [0]  URL: http://godtony.mooo.com/updater/updater.txt
L 10/19/2021 - 22:45:31:   [1]  ERROR: Line contained too many invalid tokens
L 10/19/2021 - 22:45:31: Update available for "Steph's AntiCheat (StAC)" (stac.smx). Current: 5.1.0 - Latest: 5.1.1
L 10/19/2021 - 22:45:31:   [0]  Changes in 5.1.1
L 10/19/2021 - 22:45:31:   [1]  - misc fixes
L 10/19/2021 - 22:45:31: Successfully updated and installed "Steph's AntiCheat (StAC)".
L 10/19/2021 - 22:47:04: SMC parsing error on line 0
L 10/19/2021 - 22:47:04:   [0]  URL: http://godtony.mooo.com/updater/updater.txt
L 10/19/2021 - 22:47:04:   [1]  ERROR: Line contained too many invalid tokens
L 10/19/2021 - 22:51:38: SMC parsing error on line 0
L 10/19/2021 - 22:51:38:   [0]  URL: http://godtony.mooo.com/updater/updater.txt
L 10/19/2021 - 22:51:38:   [1]  ERROR: Line contained too many invalid tokens
L 10/20/2021 - 02:24:16: SMC parsing error on line 0
L 10/20/2021 - 02:24:16:   [0]  URL: http://godtony.mooo.com/updater/updater.txt
L 10/20/2021 - 02:24:16:   [1]  ERROR: Line contained too many invalid tokens
L 10/20/2021 - 02:27:34: SMC parsing error on line 0
L 10/20/2021 - 02:27:34:   [0]  URL: http://godtony.mooo.com/updater/updater.txt
L 10/20/2021 - 02:27:34:   [1]  ERROR: Line contained too many invalid tokens
L 10/20/2021 - 02:32:55: SMC parsing error on line 0
L 10/20/2021 - 02:32:55:   [0]  URL: http://godtony.mooo.com/updater/updater.txt
L 10/20/2021 - 02:32:55:   [1]  ERROR: Line contained too many invalid tokens
L 10/20/2021 - 02:34:37: SMC parsing error on line 0
L 10/20/2021 - 02:34:37:   [0]  URL: http://godtony.mooo.com/updater/updater.txt
L 10/20/2021 - 02:34:37:   [1]  ERROR: Line contained too many invalid tokens
L 10/20/2021 - 03:12:32: SMC parsing error on line 0
L 10/20/2021 - 03:12:32:   [0]  URL: http://godtony.mooo.com/updater/updater.txt
L 10/20/2021 - 03:12:32:   [1]  ERROR: Line contained too many invalid tokens
L 10/20/2021 - 03:14:56: SMC parsing error on line 0
L 10/20/2021 - 03:14:56:   [0]  URL: http://godtony.mooo.com/updater/updater.txt
L 10/20/2021 - 03:14:56:   [1]  ERROR: Line contained too many invalid tokens
L 10/20/2021 - 03:37:27: SMC parsing error on line 0
L 10/20/2021 - 03:37:27:   [0]  URL: http://godtony.mooo.com/updater/updater.txt
L 10/20/2021 - 03:37:27:   [1]  ERROR: Line contained too many invalid tokens
